# JRE version: Java(TM) SE Runtime Environment (11.0.6+8) (build 11.0.6+8-LTS)
# Java VM: Java HotSpot(TM) 64-Bit Server VM (11.0.6+8-LTS, mixed mode, tiered, compressed oops, parallel gc, windows-amd64)
Heap:
 PSYoungGen      total 9216K, used 7813K [0x00000000eab00000, 0x00000000ebe00000, 0x0000000100000000)
  eden space 6144K, 77% used [0x00000000eab00000,0x00000000eafa5538,0x00000000eb100000)
  from space 3072K, 99% used [0x00000000eb100000,0x00000000eb3fc018,0x00000000eb400000)
  to   space 6656K, 0% used [0x00000000eb780000,0x00000000eb780000,0x00000000ebe00000)
 ParOldGen       total 164352K, used 119543K [0x00000000c0000000, 0x00000000ca080000, 0x00000000eab00000)
  object space 164352K, 72% used [0x00000000c0000000,0x00000000c74bdcf0,0x00000000ca080000)
 Metaspace       used 76833K, capacity 80307K, committed 80916K, reserved 1122304K
  class space    used 7321K, capacity 8626K, committed 8832K, reserved 1048576K
GC Heap History (10 events):
Event: 3203.382 GC heap before
{Heap before GC invocations=214 (full 8):
 PSYoungGen      total 10240K, used 10237K [0x00000000eab00000, 0x00000000ebd00000, 0x0000000100000000)
  eden space 6144K, 100% used [0x00000000eab00000,0x00000000eb100000,0x00000000eb100000)
  from space 4096K, 99% used [0x00000000eb680000,0x00000000eba7f580,0x00000000eba80000)
  to   space 5632K, 0% used [0x00000000eb100000,0x00000000eb100000,0x00000000eb680000)
 ParOldGen       total 156672K, used 150401K [0x00000000c0000000, 0x00000000c9900000, 0x00000000eab00000)
  object space 156672K, 95% used [0x00000000c0000000,0x00000000c92e0510,0x00000000c9900000)
 Metaspace       used 76797K, capacity 80179K, committed 80916K, reserved 1122304K
  class space    used 7321K, capacity 8626K, committed 8832K, reserved 1048576K
}
Event: 3203.385 GC heap after
{Heap after GC invocations=214 (full 8):
 PSYoungGen      total 7168K, used 992K [0x00000000eab00000, 0x00000000eb700000, 0x0000000100000000)
  eden space 6144K, 0% used [0x00000000eab00000,0x00000000eab00000,0x00000000eb100000)
  from space 1024K, 96% used [0x00000000eb100000,0x00000000eb1f8000,0x00000000eb200000)
  to   space 2560K, 0% used [0x00000000eb480000,0x00000000eb480000,0x00000000eb700000)
 ParOldGen       total 156672K, used 154527K [0x00000000c0000000, 0x00000000c9900000, 0x00000000eab00000)
  object space 156672K, 98% used [0x00000000c0000000,0x00000000c96e7d10,0x00000000c9900000)
 Metaspace       used 76797K, capacity 80179K, committed 80916K, reserved 1122304K
  class space    used 7321K, capacity 8626K, committed 8832K, reserved 1048576K
}
Event: 3203.385 GC heap before
{Heap before GC invocations=215 (full 9):
 PSYoungGen      total 7168K, used 992K [0x00000000eab00000, 0x00000000eb700000, 0x0000000100000000)
  eden space 6144K, 0% used [0x00000000eab00000,0x00000000eab00000,0x00000000eb100000)
  from space 1024K, 96% used [0x00000000eb100000,0x00000000eb1f8000,0x00000000eb200000)
  to   space 2560K, 0% used [0x00000000eb480000,0x00000000eb480000,0x00000000eb700000)
 ParOldGen       total 156672K, used 154527K [0x00000000c0000000, 0x00000000c9900000, 0x00000000eab00000)
  object space 156672K, 98% used [0x00000000c0000000,0x00000000c96e7d10,0x00000000c9900000)
 Metaspace       used 76797K, capacity 80179K, committed 80916K, reserved 1122304K
  class space    used 7321K, capacity 8626K, committed 8832K, reserved 1048576K
}
Event: 3203.499 GC heap after
{Heap after GC invocations=215 (full 9):
 PSYoungGen      total 9728K, used 0K [0x00000000eab00000, 0x00000000eb780000, 0x0000000100000000)
  eden space 7168K, 0% used [0x00000000eab00000,0x00000000eab00000,0x00000000eb200000)
  from space 2560K, 0% used [0x00000000eb480000,0x00000000eb480000,0x00000000eb700000)
  to   space 2560K, 0% used [0x00000000eb200000,0x00000000eb200000,0x00000000eb480000)
 ParOldGen       total 164352K, used 115063K [0x00000000c0000000, 0x00000000ca080000, 0x00000000eab00000)
  object space 164352K, 70% used [0x00000000c0000000,0x00000000c705dc70,0x00000000ca080000)
 Metaspace       used 76797K, capacity 80179K, committed 80916K, reserved 1122304K
  class space    used 7321K, capacity 8626K, committed 8832K, reserved 1048576K
}
Event: 3203.510 GC heap before
{Heap before GC invocations=216 (full 9):
 PSYoungGen      total 9728K, used 7168K [0x00000000eab00000, 0x00000000eb780000, 0x0000000100000000)
  eden space 7168K, 100% used [0x00000000eab00000,0x00000000eb200000,0x00000000eb200000)
  from space 2560K, 0% used [0x00000000eb480000,0x00000000eb480000,0x00000000eb700000)
  to   space 2560K, 0% used [0x00000000eb200000,0x00000000eb200000,0x00000000eb480000)
 ParOldGen       total 164352K, used 115063K [0x00000000c0000000, 0x00000000ca080000, 0x00000000eab00000)
  object space 164352K, 70% used [0x00000000c0000000,0x00000000c705dc70,0x00000000ca080000)
 Metaspace       used 76802K, capacity 80179K, committed 80916K, reserved 1122304K
  class space    used 7321K, capacity 8626K, committed 8832K, reserved 1048576K
}
Event: 3203.516 GC heap after
{Heap after GC invocations=216 (full 9):
 PSYoungGen      total 8192K, used 640K [0x00000000eab00000, 0x00000000eb500000, 0x0000000100000000)
  eden space 7168K, 0% used [0x00000000eab00000,0x00000000eab00000,0x00000000eb200000)
  from space 1024K, 62% used [0x00000000eb200000,0x00000000eb2a0000,0x00000000eb300000)
  to   space 1024K, 0% used [0x00000000eb400000,0x00000000eb400000,0x00000000eb500000)
 ParOldGen       total 164352K, used 115071K [0x00000000c0000000, 0x00000000ca080000, 0x00000000eab00000)
  object space 164352K, 70% used [0x00000000c0000000,0x00000000c705fc70,0x00000000ca080000)
 Metaspace       used 76802K, capacity 80179K, committed 80916K, reserved 1122304K
  class space    used 7321K, capacity 8626K, committed 8832K, reserved 1048576K
}
Event: 3223.087 GC heap before
{Heap before GC invocations=217 (full 9):
 PSYoungGen      total 8192K, used 7807K [0x00000000eab00000, 0x00000000eb500000, 0x0000000100000000)
  eden space 7168K, 99% used [0x00000000eab00000,0x00000000eb1ffff0,0x00000000eb200000)
  from space 1024K, 62% used [0x00000000eb200000,0x00000000eb2a0000,0x00000000eb300000)
  to   space 1024K, 0% used [0x00000000eb400000,0x00000000eb400000,0x00000000eb500000)
 ParOldGen       total 164352K, used 115071K [0x00000000c0000000, 0x00000000ca080000, 0x00000000eab00000)
  object space 164352K, 70% used [0x00000000c0000000,0x00000000c705fc70,0x00000000ca080000)
 Metaspace       used 76823K, capacity 80243K, committed 80916K, reserved 1122304K
  class space    used 7321K, capacity 8626K, committed 8832K, reserved 1048576K
}
Event: 3223.090 GC heap after
{Heap after GC invocations=217 (full 9):
 PSYoungGen      total 7168K, used 1000K [0x00000000eab00000, 0x00000000eb800000, 0x0000000100000000)
  eden space 6144K, 0% used [0x00000000eab00000,0x00000000eab00000,0x00000000eb100000)
  from space 1024K, 97% used [0x00000000eb400000,0x00000000eb4fa3c0,0x00000000eb500000)
  to   space 3072K, 0% used [0x00000000eb100000,0x00000000eb100000,0x00000000eb400000)
 ParOldGen       total 164352K, used 116745K [0x00000000c0000000, 0x00000000ca080000, 0x00000000eab00000)
  object space 164352K, 71% used [0x00000000c0000000,0x00000000c7202530,0x00000000ca080000)
 Metaspace       used 76823K, capacity 80243K, committed 80916K, reserved 1122304K
  class space    used 7321K, capacity 8626K, committed 8832K, reserved 1048576K
}
Event: 3223.117 GC heap before
{Heap before GC invocations=218 (full 9):
 PSYoungGen      total 7168K, used 7131K [0x00000000eab00000, 0x00000000eb800000, 0x0000000100000000)
  eden space 6144K, 99% used [0x00000000eab00000,0x00000000eb0fcad0,0x00000000eb100000)
  from space 1024K, 97% used [0x00000000eb400000,0x00000000eb4fa3c0,0x00000000eb500000)
  to   space 3072K, 0% used [0x00000000eb100000,0x00000000eb100000,0x00000000eb400000)
 ParOldGen       total 164352K, used 116745K [0x00000000c0000000, 0x00000000ca080000, 0x00000000eab00000)
  object space 164352K, 71% used [0x00000000c0000000,0x00000000c7202530,0x00000000ca080000)
 Metaspace       used 76833K, capacity 80307K, committed 80916K, reserved 1122304K
  class space    used 7321K, capacity 8626K, committed 8832K, reserved 1048576K
}
Event: 3223.120 GC heap after
{Heap after GC invocations=218 (full 9):
 PSYoungGen      total 9216K, used 3056K [0x00000000eab00000, 0x00000000ebe00000, 0x0000000100000000)
  eden space 6144K, 0% used [0x00000000eab00000,0x00000000eab00000,0x00000000eb100000)
  from space 3072K, 99% used [0x00000000eb100000,0x00000000eb3fc018,0x00000000eb400000)
  to   space 6656K, 0% used [0x00000000eb780000,0x00000000eb780000,0x00000000ebe00000)
 ParOldGen       total 164352K, used 119543K [0x00000000c0000000, 0x00000000ca080000, 0x00000000eab00000)
  object space 164352K, 72% used [0x00000000c0000000,0x00000000c74bdcf0,0x00000000ca080000)
 Metaspace       used 76833K, capacity 80307K, committed 80916K, reserved 1122304K
  class space    used 7321K, capacity 8626K, committed 8832K, reserved 1048576K
}

